
> web@0.1.0 build /home/nacho_mazzoni/Proyectos/celo/Apuntacelo/apps/web
> next build

  ▲ Next.js 14.2.35
  - Environments: .env.local

   Creating an optimized production build ...
 ⚠ Compiled with warnings

../../node_modules/.pnpm/@metamask+sdk@0.33.1/node_modules/@metamask/sdk/dist/browser/es/metamask-sdk.js
Module not found: Can't resolve '@react-native-async-storage/async-storage' in '/home/nacho_mazzoni/Proyectos/celo/Apuntacelo/node_modules/.pnpm/@metamask+sdk@0.33.1/node_modules/@metamask/sdk/dist/browser/es'

Import trace for requested module:
../../node_modules/.pnpm/@metamask+sdk@0.33.1/node_modules/@metamask/sdk/dist/browser/es/metamask-sdk.js
../../node_modules/.pnpm/@wagmi+connectors@6.2.0_@tanstack+react-query@5.100.6_@types+react@18.3.28_@wagmi+core@2.22.1_b4jnvovqbpubtpamrsq6oihzt4/node_modules/@wagmi/connectors/dist/esm/metaMask.js
../../node_modules/.pnpm/@wagmi+connectors@6.2.0_@tanstack+react-query@5.100.6_@types+react@18.3.28_@wagmi+core@2.22.1_b4jnvovqbpubtpamrsq6oihzt4/node_modules/@wagmi/connectors/dist/esm/exports/index.js
../../node_modules/.pnpm/wagmi@2.19.5_@tanstack+react-query@5.100.6_@types+react@18.3.28_react@18.3.1_typescript@5.9.3_viem@2.48.4/node_modules/wagmi/dist/esm/exports/connectors.js
../../node_modules/.pnpm/@rainbow-me+rainbowkit@2.2.10_@tanstack+react-query@5.100.6_@types+react@18.3.28_react-dom@18_bxmex5pebde2l66gfj77y7wwkq/node_modules/@rainbow-me/rainbowkit/dist/index.js
./src/components/wallet-provider.tsx

../../node_modules/.pnpm/ox@0.14.20_typescript@5.9.3/node_modules/ox/_esm/tempo/internal/virtualMasterPool.js
Critical dependency: the request of a dependency is an expression

Import trace for requested module:
../../node_modules/.pnpm/ox@0.14.20_typescript@5.9.3/node_modules/ox/_esm/tempo/internal/virtualMasterPool.js
../../node_modules/.pnpm/ox@0.14.20_typescript@5.9.3/node_modules/ox/_esm/tempo/VirtualMaster.js
../../node_modules/.pnpm/ox@0.14.20_typescript@5.9.3/node_modules/ox/_esm/tempo/index.js
../../node_modules/.pnpm/viem@2.48.4_typescript@5.9.3/node_modules/viem/_esm/tempo/chainConfig.js
../../node_modules/.pnpm/viem@2.48.4_typescript@5.9.3/node_modules/viem/_esm/chains/definitions/tempo.js
../../node_modules/.pnpm/viem@2.48.4_typescript@5.9.3/node_modules/viem/_esm/chains/index.js
../../node_modules/.pnpm/wagmi@2.19.5_@tanstack+react-query@5.100.6_@types+react@18.3.28_react@18.3.1_typescript@5.9.3_viem@2.48.4/node_modules/wagmi/dist/esm/exports/chains.js
./src/components/wallet-provider.tsx

../../node_modules/.pnpm/@metamask+sdk@0.33.1/node_modules/@metamask/sdk/dist/browser/es/metamask-sdk.js
Module not found: Can't resolve '@react-native-async-storage/async-storage' in '/home/nacho_mazzoni/Proyectos/celo/Apuntacelo/node_modules/.pnpm/@metamask+sdk@0.33.1/node_modules/@metamask/sdk/dist/browser/es'

Import trace for requested module:
../../node_modules/.pnpm/@metamask+sdk@0.33.1/node_modules/@metamask/sdk/dist/browser/es/metamask-sdk.js
../../node_modules/.pnpm/@wagmi+connectors@6.2.0_@tanstack+react-query@5.100.6_@types+react@18.3.28_@wagmi+core@2.22.1_b4jnvovqbpubtpamrsq6oihzt4/node_modules/@wagmi/connectors/dist/esm/metaMask.js
../../node_modules/.pnpm/@wagmi+connectors@6.2.0_@tanstack+react-query@5.100.6_@types+react@18.3.28_@wagmi+core@2.22.1_b4jnvovqbpubtpamrsq6oihzt4/node_modules/@wagmi/connectors/dist/esm/exports/index.js
../../node_modules/.pnpm/wagmi@2.19.5_@tanstack+react-query@5.100.6_@types+react@18.3.28_react@18.3.1_typescript@5.9.3_viem@2.48.4/node_modules/wagmi/dist/esm/exports/connectors.js
../../node_modules/.pnpm/@rainbow-me+rainbowkit@2.2.10_@tanstack+react-query@5.100.6_@types+react@18.3.28_react-dom@18_bxmex5pebde2l66gfj77y7wwkq/node_modules/@rainbow-me/rainbowkit/dist/index.js
./src/components/wallet-provider.tsx

../../node_modules/.pnpm/ox@0.14.20_typescript@5.9.3/node_modules/ox/_esm/tempo/internal/virtualMasterPool.js
Critical dependency: the request of a dependency is an expression

Import trace for requested module:
../../node_modules/.pnpm/ox@0.14.20_typescript@5.9.3/node_modules/ox/_esm/tempo/internal/virtualMasterPool.js
../../node_modules/.pnpm/ox@0.14.20_typescript@5.9.3/node_modules/ox/_esm/tempo/VirtualMaster.js
../../node_modules/.pnpm/ox@0.14.20_typescript@5.9.3/node_modules/ox/_esm/tempo/index.js
../../node_modules/.pnpm/viem@2.48.4_typescript@5.9.3/node_modules/viem/_esm/tempo/chainConfig.js
../../node_modules/.pnpm/viem@2.48.4_typescript@5.9.3/node_modules/viem/_esm/chains/definitions/tempoDevnet.js
../../node_modules/.pnpm/viem@2.48.4_typescript@5.9.3/node_modules/viem/_esm/chains/index.js
../../node_modules/.pnpm/wagmi@2.19.5_@tanstack+react-query@5.100.6_@types+react@18.3.28_react@18.3.1_typescript@5.9.3_viem@2.48.4/node_modules/wagmi/dist/esm/exports/chains.js
./src/components/wallet-provider.tsx

   Linting and checking validity of types ...
   Collecting page data ...
   Generating static pages (0/4) ...
   Generating static pages (1/4) 
   Generating static pages (2/4) 
   Generating static pages (3/4) 
 ✓ Generating static pages (4/4)
   Finalizing page optimization ...
   Collecting build traces ...

Route (app)                              Size     First Load JS
┌ ○ /                                    12.6 kB         307 kB
└ ○ /_not-found                          879 B            90 kB
+ First Load JS shared by all            89.1 kB
  ├ chunks/809-76e3f79202715f5b.js       31.9 kB
  ├ chunks/d003c1c0-4d619f687cecb69e.js  53.6 kB
  └ other shared chunks (total)          3.54 kB


○  (Static)  prerendered as static content

